<?xml version="1.0" encoding="UTF-8"?>
<!-- Generated by org.testng.reporters.JUnitReportReporter -->
<testsuite hostname="LAPTOP-6ETMCADA" failures="0" tests="3" name="TestRunner.RunnerTest" time="15.473" errors="0" timestamp="2024-07-03T23:35:57 IST" skipped="0">
  <testcase classname="TestRunner.RunnerTest" name="runScenario" time="0.546"/>
  <system-out/>
  <testcase classname="TestRunner.RunnerTest" name="runScenario" time="10.917"/>
  <system-out/>
  <testcase classname="TestRunner.RunnerTest" name="runScenario" time="4.010"/>
  <system-out/>
</testsuite> <!-- TestRunner.RunnerTest -->
